C:\Program Files (x86)\Microsoft Visual Studio\2017\Community\Common7\IDE\VC\VCTargets\Microsoft.CppBuild.targets(373,5): warning MSB8004: Output 目录未以斜杠结尾。  此生成实例将添加斜杠，因为必须有这个斜杠才能正确计算 Output 目录。
  callbacks.c
c:\program files (x86)\microsoft sdks\windows\v7.1a\include\sal_supp.h(57): warning C4005: “__useHeader”: 宏重定义
  C:\Program Files (x86)\Microsoft Visual Studio\2017\Community\VC\Tools\MSVC\14.11.25503\include\sal.h(2866): note: 参见“__useHeader”的前一个定义
c:\program files (x86)\microsoft sdks\windows\v7.1a\include\specstrings_supp.h(77): warning C4005: “__on_failure”: 宏重定义
  C:\Program Files (x86)\Microsoft Visual Studio\2017\Community\VC\Tools\MSVC\14.11.25503\include\sal.h(2876): note: 参见“__on_failure”的前一个定义
  compress.c
c:\program files (x86)\microsoft sdks\windows\v7.1a\include\sal_supp.h(57): warning C4005: “__useHeader”: 宏重定义
  C:\Program Files (x86)\Microsoft Visual Studio\2017\Community\VC\Tools\MSVC\14.11.25503\include\sal.h(2866): note: 参见“__useHeader”的前一个定义
c:\program files (x86)\microsoft sdks\windows\v7.1a\include\specstrings_supp.h(77): warning C4005: “__on_failure”: 宏重定义
  C:\Program Files (x86)\Microsoft Visual Studio\2017\Community\VC\Tools\MSVC\14.11.25503\include\sal.h(2876): note: 参见“__on_failure”的前一个定义
  host.c
c:\program files (x86)\microsoft sdks\windows\v7.1a\include\sal_supp.h(57): warning C4005: “__useHeader”: 宏重定义
  C:\Program Files (x86)\Microsoft Visual Studio\2017\Community\VC\Tools\MSVC\14.11.25503\include\sal.h(2866): note: 参见“__useHeader”的前一个定义
c:\program files (x86)\microsoft sdks\windows\v7.1a\include\specstrings_supp.h(77): warning C4005: “__on_failure”: 宏重定义
  C:\Program Files (x86)\Microsoft Visual Studio\2017\Community\VC\Tools\MSVC\14.11.25503\include\sal.h(2876): note: 参见“__on_failure”的前一个定义
  list.c
c:\program files (x86)\microsoft sdks\windows\v7.1a\include\sal_supp.h(57): warning C4005: “__useHeader”: 宏重定义
  C:\Program Files (x86)\Microsoft Visual Studio\2017\Community\VC\Tools\MSVC\14.11.25503\include\sal.h(2866): note: 参见“__useHeader”的前一个定义
c:\program files (x86)\microsoft sdks\windows\v7.1a\include\specstrings_supp.h(77): warning C4005: “__on_failure”: 宏重定义
  C:\Program Files (x86)\Microsoft Visual Studio\2017\Community\VC\Tools\MSVC\14.11.25503\include\sal.h(2876): note: 参见“__on_failure”的前一个定义
  packet.c
c:\program files (x86)\microsoft sdks\windows\v7.1a\include\sal_supp.h(57): warning C4005: “__useHeader”: 宏重定义
  C:\Program Files (x86)\Microsoft Visual Studio\2017\Community\VC\Tools\MSVC\14.11.25503\include\sal.h(2866): note: 参见“__useHeader”的前一个定义
c:\program files (x86)\microsoft sdks\windows\v7.1a\include\specstrings_supp.h(77): warning C4005: “__on_failure”: 宏重定义
  C:\Program Files (x86)\Microsoft Visual Studio\2017\Community\VC\Tools\MSVC\14.11.25503\include\sal.h(2876): note: 参见“__on_failure”的前一个定义
  peer.c
c:\program files (x86)\microsoft sdks\windows\v7.1a\include\sal_supp.h(57): warning C4005: “__useHeader”: 宏重定义
  C:\Program Files (x86)\Microsoft Visual Studio\2017\Community\VC\Tools\MSVC\14.11.25503\include\sal.h(2866): note: 参见“__useHeader”的前一个定义
c:\program files (x86)\microsoft sdks\windows\v7.1a\include\specstrings_supp.h(77): warning C4005: “__on_failure”: 宏重定义
  C:\Program Files (x86)\Microsoft Visual Studio\2017\Community\VC\Tools\MSVC\14.11.25503\include\sal.h(2876): note: 参见“__on_failure”的前一个定义
  protocol.c
c:\program files (x86)\microsoft sdks\windows\v7.1a\include\sal_supp.h(57): warning C4005: “__useHeader”: 宏重定义
  C:\Program Files (x86)\Microsoft Visual Studio\2017\Community\VC\Tools\MSVC\14.11.25503\include\sal.h(2866): note: 参见“__useHeader”的前一个定义
c:\program files (x86)\microsoft sdks\windows\v7.1a\include\specstrings_supp.h(77): warning C4005: “__on_failure”: 宏重定义
  C:\Program Files (x86)\Microsoft Visual Studio\2017\Community\VC\Tools\MSVC\14.11.25503\include\sal.h(2876): note: 参见“__on_failure”的前一个定义
  unix.c
  win32.c
c:\program files (x86)\microsoft sdks\windows\v7.1a\include\sal_supp.h(57): warning C4005: “__useHeader”: 宏重定义
  C:\Program Files (x86)\Microsoft Visual Studio\2017\Community\VC\Tools\MSVC\14.11.25503\include\sal.h(2866): note: 参见“__useHeader”的前一个定义
c:\program files (x86)\microsoft sdks\windows\v7.1a\include\specstrings_supp.h(77): warning C4005: “__on_failure”: 宏重定义
  C:\Program Files (x86)\Microsoft Visual Studio\2017\Community\VC\Tools\MSVC\14.11.25503\include\sal.h(2876): note: 参见“__on_failure”的前一个定义
C:\Program Files (x86)\Microsoft Visual Studio\2017\Community\Common7\IDE\VC\VCTargets\Microsoft.CppBuild.targets(1202,5): warning MSB8030: 链接器开关“所需的最低版本”需要设置“子系统”。   在没有“子系统”的情况下，“所需的最低版本”将无法传递到链接器，并且会阻止在旧版操作系统上运行输出二进制文件。
  callbacks.obj : 找到 MSIL .netmodule 或使用 /GL 编译的模块；正在使用 /LTCG 重新启动链接；将 /LTCG 添加到链接命令行以改进链接器性能
LINK : warning LNK4075: 忽略“/INCREMENTAL”(由于“/LTCG”规范)
    正在创建库 D:\WorkProjects\Server\ThirdParty\ENet\..\..\..\Bin\ENet.lib 和对象 D:\WorkProjects\Server\ThirdParty\ENet\..\..\..\Bin\ENet.exp
  正在生成代码
  已完成代码的生成
  ENet.vcxproj -> D:\WorkProjects\Server\ThirdParty\ENet\..\..\..\Bin\ENet.dll
