d:\workprojects\temp\vc141.pdb
d:\workprojects\temp\callbacks.sbr
d:\workprojects\temp\compress.sbr
d:\workprojects\temp\host.sbr
d:\workprojects\temp\list.sbr
d:\workprojects\temp\packet.sbr
d:\workprojects\temp\peer.sbr
d:\workprojects\temp\protocol.sbr
d:\workprojects\temp\unix.sbr
d:\workprojects\temp\win32.sbr
d:\workprojects\temp\win32.obj
d:\workprojects\temp\unix.obj
d:\workprojects\temp\protocol.obj
d:\workprojects\temp\peer.obj
d:\workprojects\temp\packet.obj
d:\workprojects\temp\list.obj
d:\workprojects\temp\host.obj
d:\workprojects\temp\compress.obj
d:\workprojects\temp\callbacks.obj
d:\workprojects\bin\enet.lib
d:\workprojects\bin\enet.exp
d:\workprojects\bin\enet.dll
d:\workprojects\bin\enet.pdb
d:\workprojects\server\thirdparty\enet\..\..\..\bin\enet.pdb
d:\workprojects\server\thirdparty\enet\..\..\..\bin\enet.dll
d:\workprojects\server\thirdparty\enet\..\..\..\bin\enet.bsc
d:\workprojects\temp\enet.tlog\bscmake.command.1.tlog
d:\workprojects\temp\enet.tlog\bscmake.read.1.tlog
d:\workprojects\temp\enet.tlog\cl.command.1.tlog
d:\workprojects\temp\enet.tlog\cl.read.1.tlog
d:\workprojects\temp\enet.tlog\cl.write.1.tlog
d:\workprojects\temp\enet.tlog\enet.write.1u.tlog
d:\workprojects\temp\enet.tlog\link.command.1.tlog
d:\workprojects\temp\enet.tlog\link.read.1.tlog
d:\workprojects\temp\enet.tlog\link.write.1.tlog
